<?xml version="1.0" encoding="UTF-8"?>
<!-- Generated by org.testng.reporters.JUnitXMLReporter -->
<testsuite hostname="NetPC" ignored="0" name="Test" tests="6" failures="0" timestamp="2019-11-17T10:44:05 CST" time="0.081" errors="0">
  <testcase name="BrowserAutomation" time="0.015" classname="Qaclickacademy.SeleniumTest"/>
  <testcase name="ElementsUi" time="0.001" classname="Qaclickacademy.SeleniumTest"/>
  <testcase name="deleteTwiter" time="0.001" classname="Qaclickacademy.RESTAPITest"/>
  <testcase name="postJira" time="0.001" classname="Qaclickacademy.RESTAPITest"/>
  <testcase name="IOSApp" time="0.001" classname="Qaclickacademy.AppiumTest"/>
  <testcase name="nativeAPpAndroid" time="0.001" classname="Qaclickacademy.AppiumTest"/>
</testsuite> <!-- Test -->
