<?xml version="1.0" encoding="UTF-8"?>
<!-- Generated by org.testng.reporters.JUnitXMLReporter -->
<testsuite ignored="0" hostname="NetPC" failures="0" tests="6" name="Command line test" time="0.097" errors="0" timestamp="2019-11-18T11:33:59 CST">
  <testcase classname="Qaclickacademy.AppiumTest" name="IOSApp" time="0.008"/>
  <testcase classname="Qaclickacademy.AppiumTest" name="nativeAPpAndroid" time="0.001"/>
  <testcase classname="Qaclickacademy.RESTAPITest" name="deleteTwiter" time="0.0"/>
  <testcase classname="Qaclickacademy.RESTAPITest" name="postJira" time="0.0"/>
  <testcase classname="Qaclickacademy.SeleniumTest" name="BrowserAutomation" time="0.001"/>
  <testcase classname="Qaclickacademy.SeleniumTest" name="ElementsUi" time="0.001"/>
</testsuite> <!-- Command line test -->
