<?xml version="1.0" encoding="UTF-8"?>
<!-- Generated by org.testng.reporters.JUnitXMLReporter -->
<testsuite ignored="0" hostname="NetPC" failures="0" tests="4" name="Test" time="0.053" errors="0" timestamp="2019-11-13T12:08:28 CST">
  <testcase classname="Qaclickacademy.SeleniumTest" name="BrowserAutomation" time="0.008"/>
  <testcase classname="Qaclickacademy.SeleniumTest" name="ElementsUi" time="0.0"/>
  <testcase classname="Qaclickacademy.RESTAPITest" name="deleteTwiter" time="0.0"/>
  <testcase classname="Qaclickacademy.RESTAPITest" name="postJira" time="0.0"/>
</testsuite> <!-- Test -->
