<?xml version="1.0" encoding="UTF-8"?>
<testng-results ignored="0" total="6" passed="6" failed="0" skipped="0">
  <reporter-output>
  </reporter-output>
  <suite started-at="2019-11-18T11:33:59 CST" name="Command line suite" finished-at="2019-11-18T11:33:59 CST" duration-ms="97">
    <groups>
    </groups>
    <test started-at="2019-11-18T11:33:59 CST" name="Command line test" finished-at="2019-11-18T11:33:59 CST" duration-ms="97">
      <class name="Qaclickacademy.SeleniumTest">
        <test-method signature="BrowserAutomation()[pri:0, instance:Qaclickacademy.SeleniumTest@df27fae]" started-at="2019-11-18T11:33:59 CST" name="BrowserAutomation" finished-at="2019-11-18T11:33:59 CST" duration-ms="1" status="PASS">
          <reporter-output>
          </reporter-output>
        </test-method> <!-- BrowserAutomation -->
        <test-method signature="ElementsUi()[pri:0, instance:Qaclickacademy.SeleniumTest@df27fae]" started-at="2019-11-18T11:33:59 CST" name="ElementsUi" finished-at="2019-11-18T11:33:59 CST" duration-ms="1" status="PASS">
          <reporter-output>
          </reporter-output>
        </test-method> <!-- ElementsUi -->
      </class> <!-- Qaclickacademy.SeleniumTest -->
      <class name="Qaclickacademy.RESTAPITest">
        <test-method signature="deleteTwiter()[pri:0, instance:Qaclickacademy.RESTAPITest@704921a5]" started-at="2019-11-18T11:33:59 CST" name="deleteTwiter" finished-at="2019-11-18T11:33:59 CST" duration-ms="0" status="PASS">
          <reporter-output>
          </reporter-output>
        </test-method> <!-- deleteTwiter -->
        <test-method signature="postJira()[pri:0, instance:Qaclickacademy.RESTAPITest@704921a5]" started-at="2019-11-18T11:33:59 CST" name="postJira" finished-at="2019-11-18T11:33:59 CST" duration-ms="0" status="PASS">
          <reporter-output>
          </reporter-output>
        </test-method> <!-- postJira -->
      </class> <!-- Qaclickacademy.RESTAPITest -->
      <class name="Qaclickacademy.AppiumTest">
        <test-method signature="IOSApp()[pri:0, instance:Qaclickacademy.AppiumTest@727803de]" started-at="2019-11-18T11:33:59 CST" name="IOSApp" finished-at="2019-11-18T11:33:59 CST" duration-ms="8" status="PASS">
          <reporter-output>
          </reporter-output>
        </test-method> <!-- IOSApp -->
        <test-method signature="nativeAPpAndroid()[pri:0, instance:Qaclickacademy.AppiumTest@727803de]" started-at="2019-11-18T11:33:59 CST" name="nativeAPpAndroid" finished-at="2019-11-18T11:33:59 CST" duration-ms="1" status="PASS">
          <reporter-output>
          </reporter-output>
        </test-method> <!-- nativeAPpAndroid -->
      </class> <!-- Qaclickacademy.AppiumTest -->
    </test> <!-- Command line test -->
  </suite> <!-- Command line suite -->
</testng-results>
