<?xml version="1.0" encoding="UTF-8"?>
<testng-results skipped="0" failed="0" ignored="0" total="6" passed="6">
  <reporter-output>
  </reporter-output>
  <suite name="Suite" duration-ms="81" started-at="2019-11-17T10:44:05 CST" finished-at="2019-11-17T10:44:05 CST">
    <groups>
    </groups>
    <test name="Test" duration-ms="81" started-at="2019-11-17T10:44:05 CST" finished-at="2019-11-17T10:44:05 CST">
      <class name="Qaclickacademy.SeleniumTest">
        <test-method status="PASS" signature="BrowserAutomation()[pri:0, instance:Qaclickacademy.SeleniumTest@536aaa8d]" name="BrowserAutomation" duration-ms="15" started-at="2019-11-17T10:44:05 CST" finished-at="2019-11-17T10:44:05 CST">
          <reporter-output>
          </reporter-output>
        </test-method> <!-- BrowserAutomation -->
        <test-method status="PASS" signature="ElementsUi()[pri:0, instance:Qaclickacademy.SeleniumTest@536aaa8d]" name="ElementsUi" duration-ms="1" started-at="2019-11-17T10:44:05 CST" finished-at="2019-11-17T10:44:05 CST">
          <reporter-output>
          </reporter-output>
        </test-method> <!-- ElementsUi -->
      </class> <!-- Qaclickacademy.SeleniumTest -->
      <class name="Qaclickacademy.RESTAPITest">
        <test-method status="PASS" signature="deleteTwiter()[pri:0, instance:Qaclickacademy.RESTAPITest@e320068]" name="deleteTwiter" duration-ms="1" started-at="2019-11-17T10:44:05 CST" finished-at="2019-11-17T10:44:05 CST">
          <reporter-output>
          </reporter-output>
        </test-method> <!-- deleteTwiter -->
        <test-method status="PASS" signature="postJira()[pri:0, instance:Qaclickacademy.RESTAPITest@e320068]" name="postJira" duration-ms="1" started-at="2019-11-17T10:44:05 CST" finished-at="2019-11-17T10:44:05 CST">
          <reporter-output>
          </reporter-output>
        </test-method> <!-- postJira -->
      </class> <!-- Qaclickacademy.RESTAPITest -->
      <class name="Qaclickacademy.AppiumTest">
        <test-method status="PASS" signature="IOSApp()[pri:0, instance:Qaclickacademy.AppiumTest@1f57539]" name="IOSApp" duration-ms="1" started-at="2019-11-17T10:44:05 CST" finished-at="2019-11-17T10:44:05 CST">
          <reporter-output>
          </reporter-output>
        </test-method> <!-- IOSApp -->
        <test-method status="PASS" signature="nativeAPpAndroid()[pri:0, instance:Qaclickacademy.AppiumTest@1f57539]" name="nativeAPpAndroid" duration-ms="1" started-at="2019-11-17T10:44:05 CST" finished-at="2019-11-17T10:44:05 CST">
          <reporter-output>
          </reporter-output>
        </test-method> <!-- nativeAPpAndroid -->
      </class> <!-- Qaclickacademy.AppiumTest -->
    </test> <!-- Test -->
  </suite> <!-- Suite -->
</testng-results>
